<?xml version="1.0" encoding="UTF-8"?>
<!-- Generated by org.testng.reporters.JUnitReportReporter -->
<testsuite hostname="INND3LTFVMHX33" name="com.java.testcases.PropertyTest" tests="1" failures="0" timestamp="25 Oct 2020 11:43:01 GMT" time="24.927" errors="0">
  <testcase name="getallPropertyPrices" time="24.927" classname="com.java.testcases.PropertyTest"/>
</testsuite> <!-- com.java.testcases.PropertyTest -->
