<?xml version="1.0" encoding="UTF-8"?>
<!-- Generated by org.testng.reporters.JUnitReportReporter -->
<testsuite hostname="INND3LTFVMHX33" name="com.java.testcases.DemoTest" tests="1" failures="0" timestamp="23 Oct 2020 11:17:15 GMT" time="18.310" errors="0">
  <testcase name="display" time="18.310" classname="com.java.testcases.DemoTest"/>
</testsuite> <!-- com.java.testcases.DemoTest -->
