<?xml version="1.0" encoding="UTF-8"?>
<!-- Generated by org.testng.reporters.JUnitReportReporter -->
<testsuite hostname="INND3LTFVMHX33" name="com.java.testcases.HomeTest" tests="2" failures="0" timestamp="25 Oct 2020 11:43:01 GMT" time="39.288" errors="0">
  <testcase name="verifyTitle" time="15.711" classname="com.java.testcases.HomeTest"/>
  <testcase name="verifySearchLocation" time="23.577" classname="com.java.testcases.HomeTest"/>
</testsuite> <!-- com.java.testcases.HomeTest -->
