<?xml version="1.0" encoding="UTF-8"?>
<!-- Generated by org.testng.reporters.JUnitReportReporter -->
<testsuite hostname="INND3LTFVMHX33" name="com.java.testcases.HomeTest" tests="2" failures="0" timestamp="24 Oct 2020 06:22:36 GMT" time="27.519" errors="0">
  <testcase name="verifyTitle" time="10.534" classname="com.java.testcases.HomeTest"/>
  <testcase name="verifySearchLocation" time="16.985" classname="com.java.testcases.HomeTest"/>
</testsuite> <!-- com.java.testcases.HomeTest -->
